2026-04-23 09:21:06,454 [INFO] Telegram deshabilitado o sin token. Bot de comandos no iniciado.
2026-04-23 09:21:06,455 [INFO] Telegram deshabilitado. Reporte diario no iniciado.
2026-04-23 09:21:06,721 [INFO] [31m[1mWARNING: This is a development server. Do not use it in a production deployment. Use a production WSGI server instead.[0m
 * Running on all addresses (0.0.0.0)
 * Running on http://127.0.0.1:8080
 * Running on http://172.16.114.11:8080
2026-04-23 09:21:06,721 [INFO] [33mPress CTRL+C to quit[0m
2026-04-23 09:22:54,634 [INFO] Telegram deshabilitado o sin token. Bot de comandos no iniciado.
2026-04-23 09:22:54,635 [INFO] Telegram deshabilitado. Reporte diario no iniciado.
2026-04-23 09:22:54,840 [INFO] [31m[1mWARNING: This is a development server. Do not use it in a production deployment. Use a production WSGI server instead.[0m
 * Running on all addresses (0.0.0.0)
 * Running on http://127.0.0.1:8080
 * Running on http://172.16.114.11:8080
2026-04-23 09:22:54,841 [INFO] [33mPress CTRL+C to quit[0m
2026-04-23 09:23:24,624 [INFO] 172.16.114.11 - - [23/Apr/2026 09:23:24] "[33mGET / HTTP/1.1[0m" 404 -
2026-04-23 09:23:25,446 [INFO] 172.16.114.11 - - [23/Apr/2026 09:23:25] "[33mGET /favicon.ico HTTP/1.1[0m" 404 -
2026-04-23 09:35:31,147 [INFO] Telegram deshabilitado o sin token. Bot de comandos no iniciado.
2026-04-23 09:35:31,147 [INFO] Telegram deshabilitado. Reporte diario no iniciado.
2026-04-23 09:35:31,261 [INFO] [31m[1mWARNING: This is a development server. Do not use it in a production deployment. Use a production WSGI server instead.[0m
 * Running on all addresses (0.0.0.0)
 * Running on http://127.0.0.1:8080
 * Running on http://172.16.114.11:8080
2026-04-23 09:35:31,262 [INFO] [33mPress CTRL+C to quit[0m
2026-04-23 09:51:33,979 [INFO] Telegram deshabilitado o sin token. Bot de comandos no iniciado.
2026-04-23 09:51:33,980 [INFO] Telegram deshabilitado. Reporte diario no iniciado.
2026-04-23 09:51:34,017 [INFO] [31m[1mWARNING: This is a development server. Do not use it in a production deployment. Use a production WSGI server instead.[0m
 * Running on all addresses (0.0.0.0)
 * Running on http://127.0.0.1:8080
 * Running on http://172.16.114.11:8080
2026-04-23 09:51:34,018 [INFO] [33mPress CTRL+C to quit[0m
2026-04-23 09:51:49,644 [INFO] 127.0.0.1 - - [23/Apr/2026 09:51:49] "GET /health HTTP/1.1" 200 -
2026-04-23 09:51:49,909 [INFO] 127.0.0.1 - - [23/Apr/2026 09:51:49] "[33mGET /favicon.ico HTTP/1.1[0m" 404 -
2026-04-23 09:51:52,450 [INFO] 127.0.0.1 - - [23/Apr/2026 09:51:52] "GET /health HTTP/1.1" 200 -
2026-04-23 09:51:52,481 [INFO] 127.0.0.1 - - [23/Apr/2026 09:51:52] "[33mGET /favicon.ico HTTP/1.1[0m" 404 -
2026-04-23 09:51:54,194 [INFO] 127.0.0.1 - - [23/Apr/2026 09:51:54] "GET /health HTTP/1.1" 200 -
2026-04-23 09:51:54,220 [INFO] 127.0.0.1 - - [23/Apr/2026 09:51:54] "[33mGET /favicon.ico HTTP/1.1[0m" 404 -
2026-04-23 09:55:01,650 [INFO] 🟡 MODO: PAPER TRADING
2026-04-23 09:55:02,511 [INFO] 🌐 Panel HTTP iniciado en / (port 8080)
2026-04-23 09:55:02,514 [INFO] Telegram deshabilitado o sin token. Bot de comandos no iniciado.
2026-04-23 09:55:02,514 [INFO] Telegram deshabilitado. Reporte diario no iniciado.
2026-04-23 09:55:02,515 [INFO] 📬 Notificaciones de Telegram activadas.
2026-04-23 09:55:02,515 [INFO] 🚀 BOT INICIADO | Monedas: ['BTCUSDT', 'DOGEUSDT', 'SHIBUSDT', 'PEPEUSDT']
2026-04-23 09:55:02,538 [INFO] [31m[1mWARNING: This is a development server. Do not use it in a production deployment. Use a production WSGI server instead.[0m
 * Running on all addresses (0.0.0.0)
 * Running on http://127.0.0.1:8080
 * Running on http://172.16.114.11:8080
2026-04-23 09:55:02,538 [INFO] [33mPress CTRL+C to quit[0m
2026-04-23 09:55:02,828 [INFO] 👀 [BTCUSDT] $77705.17000000 | PnL: +0.00
2026-04-23 09:55:03,139 [INFO] 👀 [DOGEUSDT] $0.09642000 | PnL: -0.01
2026-04-23 09:55:03,451 [INFO] 👀 [SHIBUSDT] $0.00000611 | PnL: -0.01
2026-04-23 09:55:03,764 [INFO] 👀 [PEPEUSDT] $0.00000378 | PnL: +0.00
2026-04-23 09:55:19,073 [INFO] 👀 [BTCUSDT] $77705.18000000 | PnL: +0.00
2026-04-23 09:55:19,387 [INFO] 👀 [DOGEUSDT] $0.09643000 | PnL: -0.01
2026-04-23 09:55:19,699 [INFO] 👀 [SHIBUSDT] $0.00000610 | PnL: -0.02
2026-04-23 09:55:20,008 [INFO] 👀 [PEPEUSDT] $0.00000378 | PnL: +0.00
2026-04-23 09:55:35,318 [INFO] 👀 [BTCUSDT] $77705.18000000 | PnL: +0.00
2026-04-23 09:55:35,630 [INFO] 👀 [DOGEUSDT] $0.09643000 | PnL: -0.01
2026-04-23 09:55:35,953 [INFO] 👀 [SHIBUSDT] $0.00000611 | PnL: -0.01
2026-04-23 09:55:36,265 [INFO] 👀 [PEPEUSDT] $0.00000378 | PnL: +0.00
2026-04-23 09:55:51,583 [INFO] 👀 [BTCUSDT] $77774.95000000 | PnL: +0.00
2026-04-23 09:55:51,899 [INFO] 👀 [DOGEUSDT] $0.09652000 | PnL: -0.00
2026-04-23 09:55:52,216 [INFO] 👀 [SHIBUSDT] $0.00000611 | PnL: -0.01
2026-04-23 09:55:52,525 [INFO] 👀 [PEPEUSDT] $0.00000379 | PnL: +0.01
2026-04-23 09:56:07,834 [INFO] 👀 [BTCUSDT] $77750.40000000 | PnL: +0.00
2026-04-23 09:56:08,142 [INFO] 👀 [DOGEUSDT] $0.09650000 | PnL: -0.01
2026-04-23 09:56:08,462 [INFO] 👀 [SHIBUSDT] $0.00000611 | PnL: -0.01
2026-04-23 09:56:08,768 [INFO] 👀 [PEPEUSDT] $0.00000378 | PnL: +0.00
2026-04-23 09:56:24,082 [INFO] 👀 [BTCUSDT] $77761.72000000 | PnL: +0.00
2026-04-23 09:56:24,392 [INFO] 👀 [DOGEUSDT] $0.09650000 | PnL: -0.01
2026-04-23 09:56:24,701 [INFO] 👀 [SHIBUSDT] $0.00000611 | PnL: -0.01
2026-04-23 09:56:25,010 [INFO] 👀 [PEPEUSDT] $0.00000378 | PnL: +0.00
2026-04-23 09:56:40,321 [INFO] 👀 [BTCUSDT] $77765.47000000 | PnL: +0.00
2026-04-23 09:56:40,636 [INFO] 👀 [DOGEUSDT] $0.09649000 | PnL: -0.01
2026-04-23 09:56:40,953 [INFO] 👀 [SHIBUSDT] $0.00000611 | PnL: -0.01
2026-04-23 09:56:41,267 [INFO] 👀 [PEPEUSDT] $0.00000379 | PnL: +0.01
2026-04-23 09:56:56,579 [INFO] 👀 [BTCUSDT] $77778.29000000 | PnL: +0.00
2026-04-23 09:56:56,894 [INFO] 👀 [DOGEUSDT] $0.09649000 | PnL: -0.01
2026-04-23 09:56:57,205 [INFO] 👀 [SHIBUSDT] $0.00000611 | PnL: -0.01
2026-04-23 09:56:57,517 [INFO] 👀 [PEPEUSDT] $0.00000378 | PnL: +0.00
2026-04-23 09:57:12,831 [INFO] 👀 [BTCUSDT] $77774.60000000 | PnL: +0.00
2026-04-23 09:57:13,142 [INFO] 👀 [DOGEUSDT] $0.09649000 | PnL: -0.01
2026-04-23 09:57:13,453 [INFO] 👀 [SHIBUSDT] $0.00000611 | PnL: -0.01
2026-04-23 09:57:13,760 [INFO] 👀 [PEPEUSDT] $0.00000379 | PnL: +0.01
2026-04-23 09:57:29,071 [INFO] 👀 [BTCUSDT] $77778.29000000 | PnL: +0.00
2026-04-23 09:57:29,386 [INFO] 👀 [DOGEUSDT] $0.09650000 | PnL: -0.01
2026-04-23 09:57:29,699 [INFO] 👀 [SHIBUSDT] $0.00000610 | PnL: -0.02
2026-04-23 09:57:30,011 [INFO] 👀 [PEPEUSDT] $0.00000379 | PnL: +0.01
2026-04-23 09:57:45,327 [INFO] 👀 [BTCUSDT] $77778.29000000 | PnL: +0.00
2026-04-23 09:57:45,639 [INFO] 👀 [DOGEUSDT] $0.09649000 | PnL: -0.01
2026-04-23 09:57:45,950 [INFO] 👀 [SHIBUSDT] $0.00000611 | PnL: -0.01
2026-04-23 09:57:46,259 [INFO] 👀 [PEPEUSDT] $0.00000379 | PnL: +0.01
2026-04-23 09:58:01,568 [INFO] 👀 [BTCUSDT] $77778.30000000 | PnL: +0.00
2026-04-23 09:58:01,876 [INFO] 👀 [DOGEUSDT] $0.09649000 | PnL: -0.01
2026-04-23 09:58:02,198 [INFO] 👀 [SHIBUSDT] $0.00000611 | PnL: -0.01
2026-04-23 09:58:02,507 [INFO] 👀 [PEPEUSDT] $0.00000379 | PnL: +0.01
2026-04-23 09:58:17,819 [INFO] 👀 [BTCUSDT] $77807.80000000 | PnL: +0.00
2026-04-23 09:58:18,127 [INFO] 👀 [DOGEUSDT] $0.09650000 | PnL: -0.01
2026-04-23 09:58:18,437 [INFO] 👀 [SHIBUSDT] $0.00000611 | PnL: -0.01
2026-04-23 09:58:18,749 [INFO] 👀 [PEPEUSDT] $0.00000379 | PnL: +0.01
2026-04-23 09:58:34,066 [INFO] 👀 [BTCUSDT] $77825.95000000 | PnL: +0.00
2026-04-23 09:58:34,375 [INFO] 👀 [DOGEUSDT] $0.09650000 | PnL: -0.01
2026-04-23 09:58:34,690 [INFO] 👀 [SHIBUSDT] $0.00000611 | PnL: -0.01
2026-04-23 09:58:35,003 [INFO] 👀 [PEPEUSDT] $0.00000379 | PnL: +0.01
2026-04-23 09:58:50,323 [INFO] 👀 [BTCUSDT] $77822.82000000 | PnL: +0.00
2026-04-23 09:58:50,634 [INFO] 👀 [DOGEUSDT] $0.09650000 | PnL: -0.01
2026-04-23 09:58:50,945 [INFO] 👀 [SHIBUSDT] $0.00000610 | PnL: -0.02
2026-04-23 09:58:51,256 [INFO] 👀 [PEPEUSDT] $0.00000379 | PnL: +0.01
2026-04-23 09:59:06,574 [INFO] 👀 [BTCUSDT] $77837.55000000 | PnL: +0.00
2026-04-23 09:59:06,884 [INFO] 👀 [DOGEUSDT] $0.09649000 | PnL: -0.01
2026-04-23 09:59:07,198 [INFO] 👀 [SHIBUSDT] $0.00000611 | PnL: -0.01
2026-04-23 09:59:07,515 [INFO] 👀 [PEPEUSDT] $0.00000378 | PnL: +0.00
2026-04-23 09:59:22,826 [INFO] 👀 [BTCUSDT] $77836.15000000 | PnL: +0.00
2026-04-23 09:59:23,131 [INFO] 👀 [DOGEUSDT] $0.09648000 | PnL: -0.01
2026-04-23 09:59:23,441 [INFO] 👀 [SHIBUSDT] $0.00000610 | PnL: -0.02
2026-04-23 09:59:23,750 [INFO] 👀 [PEPEUSDT] $0.00000379 | PnL: +0.01
2026-04-23 09:59:39,065 [INFO] 👀 [BTCUSDT] $77834.01000000 | PnL: +0.00
2026-04-23 09:59:39,380 [INFO] 👀 [DOGEUSDT] $0.09649000 | PnL: -0.01
2026-04-23 09:59:39,694 [INFO] 👀 [SHIBUSDT] $0.00000610 | PnL: -0.02
2026-04-23 09:59:40,007 [INFO] 👀 [PEPEUSDT] $0.00000379 | PnL: +0.01
2026-04-23 09:59:55,321 [INFO] 👀 [BTCUSDT] $77861.88000000 | PnL: +0.00
2026-04-23 09:59:55,637 [INFO] 👀 [DOGEUSDT] $0.09651000 | PnL: -0.01
2026-04-23 09:59:55,949 [INFO] 👀 [SHIBUSDT] $0.00000610 | PnL: -0.02
2026-04-23 09:59:56,256 [INFO] 👀 [PEPEUSDT] $0.00000378 | PnL: +0.00
2026-04-23 10:00:11,569 [INFO] 👀 [BTCUSDT] $77860.00000000 | PnL: +0.00
2026-04-23 10:00:11,882 [INFO] 👀 [DOGEUSDT] $0.09662000 | PnL: +0.00
2026-04-23 10:00:12,207 [INFO] 👀 [SHIBUSDT] $0.00000611 | PnL: -0.01
2026-04-23 10:00:12,518 [INFO] 👀 [PEPEUSDT] $0.00000379 | PnL: +0.01
2026-04-23 10:00:27,830 [INFO] 👀 [BTCUSDT] $77780.01000000 | PnL: +0.00
2026-04-23 10:00:28,142 [INFO] 👀 [DOGEUSDT] $0.09656000 | PnL: -0.00
2026-04-23 10:00:28,451 [INFO] 👀 [SHIBUSDT] $0.00000610 | PnL: -0.02
2026-04-23 10:00:28,761 [INFO] 👀 [PEPEUSDT] $0.00000379 | PnL: +0.01
2026-04-23 10:00:44,070 [INFO] 👀 [BTCUSDT] $77815.44000000 | PnL: +0.00
2026-04-23 10:00:44,384 [INFO] 👀 [DOGEUSDT] $0.09658000 | PnL: -0.00
2026-04-23 10:00:44,691 [INFO] 👀 [SHIBUSDT] $0.00000611 | PnL: -0.01
2026-04-23 10:00:45,010 [INFO] 👀 [PEPEUSDT] $0.00000378 | PnL: +0.00
2026-04-23 10:01:00,330 [INFO] 👀 [BTCUSDT] $77810.29000000 | PnL: +0.00
2026-04-23 10:01:00,641 [INFO] 👀 [DOGEUSDT] $0.09656000 | PnL: -0.00
2026-04-23 10:01:00,960 [INFO] 👀 [SHIBUSDT] $0.00000611 | PnL: -0.01
2026-04-23 10:01:01,272 [INFO] 👀 [PEPEUSDT] $0.00000379 | PnL: +0.01
2026-04-23 10:01:16,582 [INFO] 👀 [BTCUSDT] $77810.29000000 | PnL: +0.00
2026-04-23 10:01:16,897 [INFO] 👀 [DOGEUSDT] $0.09657000 | PnL: -0.00
2026-04-23 10:01:17,213 [INFO] 👀 [SHIBUSDT] $0.00000611 | PnL: -0.01
2026-04-23 10:01:18,093 [INFO] 👀 [PEPEUSDT] $0.00000379 | PnL: +0.01
2026-04-23 10:01:33,412 [INFO] 👀 [BTCUSDT] $77800.01000000 | PnL: +0.00
2026-04-23 10:01:33,729 [INFO] 👀 [DOGEUSDT] $0.09655000 | PnL: -0.00
2026-04-23 10:01:34,040 [INFO] 👀 [SHIBUSDT] $0.00000610 | PnL: -0.02
2026-04-23 10:01:34,346 [INFO] 👀 [PEPEUSDT] $0.00000378 | PnL: +0.00
2026-04-23 10:01:49,660 [INFO] 👀 [BTCUSDT] $77792.23000000 | PnL: +0.00
2026-04-23 10:01:49,969 [INFO] 👀 [DOGEUSDT] $0.09654000 | PnL: -0.00
2026-04-23 10:01:50,286 [INFO] 👀 [SHIBUSDT] $0.00000610 | PnL: -0.02
2026-04-23 10:01:50,595 [INFO] 👀 [PEPEUSDT] $0.00000379 | PnL: +0.01
2026-04-23 10:02:05,908 [INFO] 👀 [BTCUSDT] $77820.12000000 | PnL: +0.00
2026-04-23 10:02:06,214 [INFO] 👀 [DOGEUSDT] $0.09656000 | PnL: -0.00
2026-04-23 10:02:06,520 [INFO] 👀 [SHIBUSDT] $0.00000610 | PnL: -0.02
2026-04-23 10:02:06,829 [INFO] 👀 [PEPEUSDT] $0.00000378 | PnL: +0.00
2026-04-23 10:02:22,139 [INFO] 👀 [BTCUSDT] $77814.01000000 | PnL: +0.00
2026-04-23 10:02:22,451 [INFO] 👀 [DOGEUSDT] $0.09656000 | PnL: -0.00
2026-04-23 10:02:22,760 [INFO] 👀 [SHIBUSDT] $0.00000610 | PnL: -0.02
2026-04-23 10:02:23,070 [INFO] 👀 [PEPEUSDT] $0.00000379 | PnL: +0.01
2026-04-23 10:02:38,383 [INFO] 👀 [BTCUSDT] $77798.00000000 | PnL: +0.00
2026-04-23 10:02:38,701 [INFO] 👀 [DOGEUSDT] $0.09655000 | PnL: -0.00
2026-04-23 10:02:39,012 [INFO] 👀 [SHIBUSDT] $0.00000611 | PnL: -0.01
2026-04-23 10:02:39,327 [INFO] 👀 [PEPEUSDT] $0.00000378 | PnL: +0.00
2026-04-23 10:02:54,639 [INFO] 👀 [BTCUSDT] $77811.98000000 | PnL: +0.00
2026-04-23 10:02:54,950 [INFO] 👀 [DOGEUSDT] $0.09655000 | PnL: -0.00
2026-04-23 10:02:55,263 [INFO] 👀 [SHIBUSDT] $0.00000611 | PnL: -0.01
2026-04-23 10:02:55,579 [INFO] 👀 [PEPEUSDT] $0.00000378 | PnL: +0.00
2026-04-23 10:03:10,896 [INFO] 👀 [BTCUSDT] $77854.77000000 | PnL: +0.00
2026-04-23 10:03:11,209 [INFO] 👀 [DOGEUSDT] $0.09661000 | PnL: +0.00
2026-04-23 10:03:11,514 [INFO] 👀 [SHIBUSDT] $0.00000611 | PnL: -0.01
2026-04-23 10:03:11,825 [INFO] 👀 [PEPEUSDT] $0.00000378 | PnL: +0.00
2026-04-23 10:03:27,144 [INFO] ⬆️  [BTCUSDT] Nuevo Stop: $75562.990300
2026-04-23 10:03:27,148 [INFO] 👀 [BTCUSDT] $77899.99000000 | PnL: +0.00
2026-04-23 10:03:27,461 [INFO] 👀 [DOGEUSDT] $0.09664000 | PnL: +0.00
2026-04-23 10:03:27,787 [INFO] 👀 [SHIBUSDT] $0.00000611 | PnL: -0.01
2026-04-23 10:03:28,095 [INFO] 👀 [PEPEUSDT] $0.00000378 | PnL: +0.00
2026-04-23 10:03:43,572 [INFO] 👀 [BTCUSDT] $77898.00000000 | PnL: +0.00
2026-04-23 10:03:43,884 [INFO] 👀 [DOGEUSDT] $0.09665000 | PnL: +0.00
2026-04-23 10:03:44,192 [INFO] 👀 [SHIBUSDT] $0.00000612 | PnL: +0.00
2026-04-23 10:03:44,505 [INFO] 👀 [PEPEUSDT] $0.00000380 | PnL: +0.03
2026-04-23 10:03:59,818 [INFO] 👀 [BTCUSDT] $77876.19000000 | PnL: +0.00
2026-04-23 10:04:00,132 [INFO] 👀 [DOGEUSDT] $0.09662000 | PnL: +0.00
2026-04-23 10:04:00,443 [INFO] 👀 [SHIBUSDT] $0.00000611 | PnL: -0.01
2026-04-23 10:04:00,754 [INFO] 👀 [PEPEUSDT] $0.00000379 | PnL: +0.01
2026-04-23 10:04:16,066 [INFO] 👀 [BTCUSDT] $77877.81000000 | PnL: +0.00
2026-04-23 10:04:16,374 [INFO] 👀 [DOGEUSDT] $0.09666000 | PnL: +0.00
2026-04-23 10:04:16,685 [INFO] 👀 [SHIBUSDT] $0.00000611 | PnL: -0.01
2026-04-23 10:04:16,991 [INFO] 👀 [PEPEUSDT] $0.00000379 | PnL: +0.01
2026-04-23 10:04:32,304 [INFO] 👀 [BTCUSDT] $77858.04000000 | PnL: +0.00
2026-04-23 10:04:32,616 [INFO] 👀 [DOGEUSDT] $0.09663000 | PnL: +0.00
2026-04-23 10:04:32,928 [INFO] 👀 [SHIBUSDT] $0.00000612 | PnL: +0.00
2026-04-23 10:04:33,237 [INFO] 👀 [PEPEUSDT] $0.00000379 | PnL: +0.01
2026-04-23 10:04:48,552 [INFO] 👀 [BTCUSDT] $77825.05000000 | PnL: +0.00
2026-04-23 10:04:48,862 [INFO] 👀 [DOGEUSDT] $0.09661000 | PnL: +0.00
2026-04-23 10:04:49,179 [INFO] 👀 [SHIBUSDT] $0.00000610 | PnL: -0.02
2026-04-23 10:04:49,487 [INFO] 👀 [PEPEUSDT] $0.00000379 | PnL: +0.01
2026-04-23 10:05:04,801 [INFO] 👀 [BTCUSDT] $77802.01000000 | PnL: +0.00
2026-04-23 10:05:05,111 [INFO] 👀 [DOGEUSDT] $0.09661000 | PnL: +0.00
2026-04-23 10:05:05,429 [INFO] 👀 [SHIBUSDT] $0.00000610 | PnL: -0.02
2026-04-23 10:05:05,745 [INFO] 👀 [PEPEUSDT] $0.00000379 | PnL: +0.01
2026-04-23 10:05:21,053 [INFO] 👀 [BTCUSDT] $77774.11000000 | PnL: +0.00
2026-04-23 10:05:21,360 [INFO] 👀 [DOGEUSDT] $0.09659000 | PnL: -0.00
2026-04-23 10:05:21,676 [INFO] 👀 [SHIBUSDT] $0.00000610 | PnL: -0.02
2026-04-23 10:05:21,987 [INFO] 👀 [PEPEUSDT] $0.00000379 | PnL: +0.01
2026-04-23 10:05:37,303 [INFO] 👀 [BTCUSDT] $77774.12000000 | PnL: +0.00
2026-04-23 10:05:37,614 [INFO] 👀 [DOGEUSDT] $0.09660000 | PnL: -0.00
2026-04-23 10:05:37,933 [INFO] 👀 [SHIBUSDT] $0.00000611 | PnL: -0.01
2026-04-23 10:05:38,244 [INFO] 👀 [PEPEUSDT] $0.00000379 | PnL: +0.01
2026-04-23 10:05:53,556 [INFO] 👀 [BTCUSDT] $77775.18000000 | PnL: +0.00
2026-04-23 10:05:53,869 [INFO] 👀 [DOGEUSDT] $0.09660000 | PnL: -0.00
2026-04-23 10:05:54,177 [INFO] 👀 [SHIBUSDT] $0.00000610 | PnL: -0.02
2026-04-23 10:05:54,485 [INFO] 👀 [PEPEUSDT] $0.00000379 | PnL: +0.01
2026-04-23 10:06:09,800 [INFO] 👀 [BTCUSDT] $77770.95000000 | PnL: +0.00
2026-04-23 10:06:10,108 [INFO] 👀 [DOGEUSDT] $0.09660000 | PnL: -0.00
2026-04-23 10:06:10,422 [INFO] 👀 [SHIBUSDT] $0.00000610 | PnL: -0.02
2026-04-23 10:06:10,737 [INFO] 👀 [PEPEUSDT] $0.00000379 | PnL: +0.01
2026-04-23 10:06:26,047 [INFO] 👀 [BTCUSDT] $77770.95000000 | PnL: +0.00
2026-04-23 10:06:26,362 [INFO] 👀 [DOGEUSDT] $0.09660000 | PnL: -0.00
2026-04-23 10:06:26,683 [INFO] 👀 [SHIBUSDT] $0.00000611 | PnL: -0.01
2026-04-23 10:06:26,993 [INFO] 👀 [PEPEUSDT] $0.00000379 | PnL: +0.01
2026-04-23 10:06:42,307 [INFO] 👀 [BTCUSDT] $77802.45000000 | PnL: +0.00
2026-04-23 10:06:42,617 [INFO] 👀 [DOGEUSDT] $0.09660000 | PnL: -0.00
2026-04-23 10:06:42,928 [INFO] 👀 [SHIBUSDT] $0.00000611 | PnL: -0.01
2026-04-23 10:06:43,238 [INFO] 👀 [PEPEUSDT] $0.00000378 | PnL: +0.00
2026-04-23 10:06:58,549 [INFO] 👀 [BTCUSDT] $77790.94000000 | PnL: +0.00
2026-04-23 10:06:58,868 [INFO] 👀 [DOGEUSDT] $0.09658000 | PnL: -0.00
2026-04-23 10:06:59,183 [INFO] 👀 [SHIBUSDT] $0.00000611 | PnL: -0.01
2026-04-23 10:06:59,492 [INFO] 👀 [PEPEUSDT] $0.00000378 | PnL: +0.00
2026-04-23 10:07:14,807 [INFO] 👀 [BTCUSDT] $77790.95000000 | PnL: +0.00
2026-04-23 10:07:15,121 [INFO] 👀 [DOGEUSDT] $0.09656000 | PnL: -0.00
2026-04-23 10:07:15,440 [INFO] 👀 [SHIBUSDT] $0.00000611 | PnL: -0.01
2026-04-23 10:07:15,748 [INFO] 👀 [PEPEUSDT] $0.00000378 | PnL: +0.00
2026-04-23 10:07:31,060 [INFO] 👀 [BTCUSDT] $77809.76000000 | PnL: +0.00
2026-04-23 10:07:31,377 [INFO] 👀 [DOGEUSDT] $0.09656000 | PnL: -0.00
2026-04-23 10:07:31,689 [INFO] 👀 [SHIBUSDT] $0.00000610 | PnL: -0.02
2026-04-23 10:07:32,001 [INFO] 👀 [PEPEUSDT] $0.00000379 | PnL: +0.01
2026-04-23 10:07:47,310 [INFO] 👀 [BTCUSDT] $77809.77000000 | PnL: +0.00
2026-04-23 10:07:47,622 [INFO] 👀 [DOGEUSDT] $0.09660000 | PnL: -0.00
2026-04-23 10:07:47,937 [INFO] 👀 [SHIBUSDT] $0.00000611 | PnL: -0.01
2026-04-23 10:07:48,248 [INFO] 👀 [PEPEUSDT] $0.00000379 | PnL: +0.01
2026-04-23 10:08:03,562 [INFO] 👀 [BTCUSDT] $77772.01000000 | PnL: +0.00
2026-04-23 10:08:03,872 [INFO] 👀 [DOGEUSDT] $0.09657000 | PnL: -0.00
2026-04-23 10:08:04,191 [INFO] 👀 [SHIBUSDT] $0.00000611 | PnL: -0.01
2026-04-23 10:08:04,503 [INFO] 👀 [PEPEUSDT] $0.00000379 | PnL: +0.01
2026-04-23 10:08:19,818 [INFO] 👀 [BTCUSDT] $77764.77000000 | PnL: +0.00
2026-04-23 10:08:20,136 [INFO] 👀 [DOGEUSDT] $0.09658000 | PnL: -0.00
2026-04-23 10:08:20,448 [INFO] 👀 [SHIBUSDT] $0.00000611 | PnL: -0.01
2026-04-23 10:08:20,755 [INFO] 👀 [PEPEUSDT] $0.00000379 | PnL: +0.01
2026-04-23 10:08:36,069 [INFO] 👀 [BTCUSDT] $77764.78000000 | PnL: +0.00
2026-04-23 10:08:36,390 [INFO] 👀 [DOGEUSDT] $0.09658000 | PnL: -0.00
2026-04-23 10:08:36,707 [INFO] 👀 [SHIBUSDT] $0.00000611 | PnL: -0.01
2026-04-23 10:08:37,016 [INFO] 👀 [PEPEUSDT] $0.00000378 | PnL: +0.00
2026-04-23 10:08:52,329 [INFO] 👀 [BTCUSDT] $77768.39000000 | PnL: +0.00
2026-04-23 10:08:52,642 [INFO] 👀 [DOGEUSDT] $0.09658000 | PnL: -0.00
2026-04-23 10:08:52,952 [INFO] 👀 [SHIBUSDT] $0.00000611 | PnL: -0.01
2026-04-23 10:08:53,257 [INFO] 👀 [PEPEUSDT] $0.00000378 | PnL: +0.00
2026-04-23 10:09:08,573 [INFO] 👀 [BTCUSDT] $77777.99000000 | PnL: +0.00
2026-04-23 10:09:08,879 [INFO] 👀 [DOGEUSDT] $0.09660000 | PnL: -0.00
2026-04-23 10:09:09,194 [INFO] 👀 [SHIBUSDT] $0.00000610 | PnL: -0.02
2026-04-23 10:09:09,508 [INFO] 👀 [PEPEUSDT] $0.00000378 | PnL: +0.00
2026-04-23 10:09:24,828 [INFO] 👀 [BTCUSDT] $77809.77000000 | PnL: +0.00
2026-04-23 10:09:25,148 [INFO] 👀 [DOGEUSDT] $0.09663000 | PnL: +0.00
2026-04-23 10:09:25,463 [INFO] 👀 [SHIBUSDT] $0.00000611 | PnL: -0.01
2026-04-23 10:09:25,771 [INFO] 👀 [PEPEUSDT] $0.00000378 | PnL: +0.00
2026-04-23 10:14:36,831 [INFO] 🟡 MODO: PAPER TRADING
2026-04-23 10:14:37,663 [INFO] 🌐 Panel HTTP iniciado en / (port 8080)
2026-04-23 10:14:37,665 [INFO] Telegram deshabilitado o sin token. Bot de comandos no iniciado.
2026-04-23 10:14:37,665 [INFO] Telegram deshabilitado. Reporte diario no iniciado.
2026-04-23 10:14:37,666 [INFO] 📬 Notificaciones de Telegram activadas.
2026-04-23 10:14:37,669 [INFO] 🚀 BOT INICIADO | Monedas: ['BTCUSDT', 'DOGEUSDT', 'SHIBUSDT', 'PEPEUSDT']
2026-04-23 10:14:37,688 [INFO] [31m[1mWARNING: This is a development server. Do not use it in a production deployment. Use a production WSGI server instead.[0m
 * Running on all addresses (0.0.0.0)
 * Running on http://127.0.0.1:8080
 * Running on http://172.16.114.11:8080
2026-04-23 10:14:37,688 [INFO] [33mPress CTRL+C to quit[0m
2026-04-23 10:14:37,986 [INFO] 👀 [BTCUSDT] $77714.00000000 | PnL: +0.00
2026-04-23 10:14:38,302 [INFO] 👀 [DOGEUSDT] $0.09655000 | PnL: -0.00
2026-04-23 10:14:38,615 [INFO] 👀 [SHIBUSDT] $0.00000611 | PnL: -0.01
2026-04-23 10:14:38,929 [INFO] 👀 [PEPEUSDT] $0.00000378 | PnL: +0.00
2026-04-23 10:14:54,240 [INFO] 👀 [BTCUSDT] $77641.21000000 | PnL: -0.00
2026-04-23 10:14:54,553 [INFO] 👀 [DOGEUSDT] $0.09644000 | PnL: -0.01
2026-04-23 10:14:54,869 [INFO] 👀 [SHIBUSDT] $0.00000610 | PnL: -0.02
2026-04-23 10:14:55,180 [INFO] 👀 [PEPEUSDT] $0.00000378 | PnL: +0.00
2026-04-23 10:15:10,499 [INFO] 👀 [BTCUSDT] $77662.54000000 | PnL: +0.00
2026-04-23 10:15:10,812 [INFO] 👀 [DOGEUSDT] $0.09649000 | PnL: -0.01
2026-04-23 10:15:11,122 [INFO] 👀 [SHIBUSDT] $0.00000610 | PnL: -0.02
2026-04-23 10:15:11,433 [INFO] 👀 [PEPEUSDT] $0.00000378 | PnL: +0.00
2026-04-23 10:15:26,744 [INFO] 👀 [BTCUSDT] $77702.76000000 | PnL: +0.00
2026-04-23 10:15:27,056 [INFO] 👀 [DOGEUSDT] $0.09652000 | PnL: -0.00
2026-04-23 10:15:27,370 [INFO] 👀 [SHIBUSDT] $0.00000611 | PnL: -0.01
2026-04-23 10:15:27,682 [INFO] 👀 [PEPEUSDT] $0.00000378 | PnL: +0.00
2026-04-23 10:15:42,997 [INFO] 👀 [BTCUSDT] $77694.01000000 | PnL: +0.00
2026-04-23 10:15:43,311 [INFO] 👀 [DOGEUSDT] $0.09653000 | PnL: -0.00
2026-04-23 10:15:43,627 [INFO] 👀 [SHIBUSDT] $0.00000611 | PnL: -0.01
2026-04-23 10:15:43,941 [INFO] 👀 [PEPEUSDT] $0.00000378 | PnL: +0.00
2026-04-23 10:15:59,256 [INFO] 👀 [BTCUSDT] $77694.02000000 | PnL: +0.00
2026-04-23 10:15:59,575 [INFO] 👀 [DOGEUSDT] $0.09654000 | PnL: -0.00
2026-04-23 10:15:59,887 [INFO] 👀 [SHIBUSDT] $0.00000610 | PnL: -0.02
2026-04-23 10:16:00,203 [INFO] 👀 [PEPEUSDT] $0.00000379 | PnL: +0.01
2026-04-23 10:16:15,517 [INFO] 👀 [BTCUSDT] $77712.33000000 | PnL: +0.00
2026-04-23 10:16:15,831 [INFO] 👀 [DOGEUSDT] $0.09653000 | PnL: -0.00
2026-04-23 10:16:16,144 [INFO] 👀 [SHIBUSDT] $0.00000610 | PnL: -0.02
2026-04-23 10:16:16,459 [INFO] 👀 [PEPEUSDT] $0.00000378 | PnL: +0.00
2026-04-23 10:16:31,772 [INFO] 👀 [BTCUSDT] $77712.32000000 | PnL: +0.00
2026-04-23 10:16:32,088 [INFO] 👀 [DOGEUSDT] $0.09653000 | PnL: -0.00
2026-04-23 10:16:32,403 [INFO] 👀 [SHIBUSDT] $0.00000610 | PnL: -0.02
2026-04-23 10:16:32,717 [INFO] 👀 [PEPEUSDT] $0.00000378 | PnL: +0.00
2026-04-23 10:16:48,028 [INFO] 👀 [BTCUSDT] $77714.11000000 | PnL: +0.00
2026-04-23 10:16:48,334 [INFO] 👀 [DOGEUSDT] $0.09657000 | PnL: -0.00
2026-04-23 10:16:48,643 [INFO] 👀 [SHIBUSDT] $0.00000611 | PnL: -0.01
2026-04-23 10:16:48,958 [INFO] 👀 [PEPEUSDT] $0.00000378 | PnL: +0.00
2026-04-23 10:17:04,270 [INFO] 👀 [BTCUSDT] $77714.11000000 | PnL: +0.00
2026-04-23 10:17:04,582 [INFO] 👀 [DOGEUSDT] $0.09657000 | PnL: -0.00
2026-04-23 10:17:04,900 [INFO] 👀 [SHIBUSDT] $0.00000610 | PnL: -0.02
2026-04-23 10:17:05,217 [INFO] 👀 [PEPEUSDT] $0.00000378 | PnL: +0.00
2026-04-23 10:17:20,532 [INFO] 👀 [BTCUSDT] $77698.65000000 | PnL: +0.00
2026-04-23 10:17:20,847 [INFO] 👀 [DOGEUSDT] $0.09652000 | PnL: -0.00
2026-04-23 10:17:21,162 [INFO] 👀 [SHIBUSDT] $0.00000610 | PnL: -0.02
2026-04-23 10:17:21,475 [INFO] 👀 [PEPEUSDT] $0.00000378 | PnL: +0.00
2026-04-23 10:17:36,798 [INFO] 👀 [BTCUSDT] $77668.00000000 | PnL: +0.00
2026-04-23 10:17:37,113 [INFO] 👀 [DOGEUSDT] $0.09647000 | PnL: -0.01
2026-04-23 10:17:37,431 [INFO] 👀 [SHIBUSDT] $0.00000610 | PnL: -0.02
2026-04-23 10:17:37,745 [INFO] 👀 [PEPEUSDT] $0.00000378 | PnL: +0.00
2026-04-23 10:17:53,060 [INFO] 👀 [BTCUSDT] $77661.57000000 | PnL: -0.00
2026-04-23 10:17:53,374 [INFO] 👀 [DOGEUSDT] $0.09649000 | PnL: -0.01
2026-04-23 10:17:53,684 [INFO] 👀 [SHIBUSDT] $0.00000610 | PnL: -0.02
2026-04-23 10:17:53,997 [INFO] 👀 [PEPEUSDT] $0.00000377 | PnL: -0.01
2026-04-23 10:18:09,315 [INFO] 👀 [BTCUSDT] $77654.62000000 | PnL: -0.00
2026-04-23 10:18:09,634 [INFO] 👀 [DOGEUSDT] $0.09653000 | PnL: -0.00
2026-04-23 10:18:09,945 [INFO] 👀 [SHIBUSDT] $0.00000610 | PnL: -0.02
2026-04-23 10:18:10,261 [INFO] 👀 [PEPEUSDT] $0.00000378 | PnL: +0.00
2026-04-23 10:18:25,576 [INFO] 👀 [BTCUSDT] $77624.96000000 | PnL: -0.00
2026-04-23 10:18:25,886 [INFO] 👀 [DOGEUSDT] $0.09650000 | PnL: -0.01
2026-04-23 10:18:26,201 [INFO] 👀 [SHIBUSDT] $0.00000610 | PnL: -0.02
2026-04-23 10:18:26,519 [INFO] 👀 [PEPEUSDT] $0.00000378 | PnL: +0.00
2026-04-23 10:18:41,848 [INFO] 👀 [BTCUSDT] $77620.00000000 | PnL: -0.00
2026-04-23 10:18:42,157 [INFO] 👀 [DOGEUSDT] $0.09650000 | PnL: -0.01
2026-04-23 10:18:42,475 [INFO] 👀 [SHIBUSDT] $0.00000610 | PnL: -0.02
2026-04-23 10:18:42,792 [INFO] 👀 [PEPEUSDT] $0.00000378 | PnL: +0.00
2026-04-23 10:18:58,111 [INFO] 👀 [BTCUSDT] $77624.94000000 | PnL: -0.00
2026-04-23 10:18:58,421 [INFO] 👀 [DOGEUSDT] $0.09646000 | PnL: -0.01
2026-04-23 10:18:58,735 [INFO] 👀 [SHIBUSDT] $0.00000611 | PnL: -0.01
2026-04-23 10:18:59,050 [INFO] 👀 [PEPEUSDT] $0.00000377 | PnL: -0.01
2026-04-23 10:19:14,362 [INFO] 👀 [BTCUSDT] $77614.23000000 | PnL: -0.00
2026-04-23 10:19:14,669 [INFO] 👀 [DOGEUSDT] $0.09646000 | PnL: -0.01
2026-04-23 10:19:14,978 [INFO] 👀 [SHIBUSDT] $0.00000611 | PnL: -0.01
2026-04-23 10:19:15,288 [INFO] 👀 [PEPEUSDT] $0.00000377 | PnL: -0.01
2026-04-23 10:19:30,598 [INFO] 👀 [BTCUSDT] $77606.30000000 | PnL: -0.00
2026-04-23 10:19:30,912 [INFO] 👀 [DOGEUSDT] $0.09645000 | PnL: -0.01
2026-04-23 10:19:31,227 [INFO] 👀 [SHIBUSDT] $0.00000610 | PnL: -0.02
2026-04-23 10:19:31,536 [INFO] 👀 [PEPEUSDT] $0.00000378 | PnL: +0.00
2026-04-23 10:19:43,621 [INFO] 🟡 MODO: PAPER TRADING
2026-04-23 10:19:44,417 [INFO] 🌐 Panel HTTP iniciado en / (port 8080)
2026-04-23 10:19:44,419 [INFO] Telegram deshabilitado o sin token. Bot de comandos no iniciado.
2026-04-23 10:19:44,420 [INFO] Telegram deshabilitado. Reporte diario no iniciado.
2026-04-23 10:19:44,420 [INFO] 📬 Notificaciones de Telegram activadas.
2026-04-23 10:19:44,421 [INFO] 🚀 BOT INICIADO | Monedas: ['BTCUSDT', 'DOGEUSDT', 'SHIBUSDT', 'PEPEUSDT']
2026-04-23 10:19:44,508 [INFO] [31m[1mWARNING: This is a development server. Do not use it in a production deployment. Use a production WSGI server instead.[0m
 * Running on all addresses (0.0.0.0)
 * Running on http://127.0.0.1:8080
 * Running on http://172.16.114.11:8080
2026-04-23 10:19:44,509 [INFO] [33mPress CTRL+C to quit[0m
2026-04-23 10:19:44,731 [INFO] 👀 [BTCUSDT] $77640.51000000 | PnL: -0.00
2026-04-23 10:19:45,042 [INFO] 👀 [DOGEUSDT] $0.09651000 | PnL: -0.01
2026-04-23 10:19:45,348 [INFO] 👀 [SHIBUSDT] $0.00000611 | PnL: -0.01
2026-04-23 10:19:45,663 [INFO] 👀 [PEPEUSDT] $0.00000377 | PnL: -0.01
2026-04-23 10:20:00,971 [INFO] 👀 [BTCUSDT] $77668.25000000 | PnL: +0.00
2026-04-23 10:20:01,278 [INFO] 👀 [DOGEUSDT] $0.09654000 | PnL: -0.00
2026-04-23 10:20:01,587 [INFO] 👀 [SHIBUSDT] $0.00000610 | PnL: -0.02
2026-04-23 10:20:01,900 [INFO] 👀 [PEPEUSDT] $0.00000377 | PnL: -0.01
2026-04-23 10:20:17,214 [INFO] 👀 [BTCUSDT] $77689.75000000 | PnL: +0.00
2026-04-23 10:20:17,530 [INFO] 👀 [DOGEUSDT] $0.09656000 | PnL: -0.00
2026-04-23 10:20:17,844 [INFO] 👀 [SHIBUSDT] $0.00000610 | PnL: -0.02
2026-04-23 10:20:18,157 [INFO] 👀 [PEPEUSDT] $0.00000377 | PnL: -0.01
2026-04-23 10:20:33,476 [INFO] 👀 [BTCUSDT] $77705.85000000 | PnL: +0.00
2026-04-23 10:20:33,789 [INFO] 👀 [DOGEUSDT] $0.09658000 | PnL: -0.00
2026-04-23 10:20:34,107 [INFO] 👀 [SHIBUSDT] $0.00000610 | PnL: -0.02
2026-04-23 10:20:34,423 [INFO] 👀 [PEPEUSDT] $0.00000378 | PnL: +0.00
2026-04-23 10:20:49,741 [INFO] 👀 [BTCUSDT] $77689.79000000 | PnL: +0.00
2026-04-23 10:20:50,054 [INFO] 👀 [DOGEUSDT] $0.09658000 | PnL: -0.00
2026-04-23 10:20:50,369 [INFO] 👀 [SHIBUSDT] $0.00000610 | PnL: -0.02
2026-04-23 10:20:50,685 [INFO] 👀 [PEPEUSDT] $0.00000378 | PnL: +0.00
2026-04-23 10:33:58,303 [INFO] 🟡 MODO: PAPER TRADING
2026-04-23 10:33:59,079 [INFO] 🌐 Panel HTTP iniciado en / (port 8080)
2026-04-23 10:33:59,082 [INFO] Telegram deshabilitado o sin token. Bot de comandos no iniciado.
2026-04-23 10:33:59,083 [INFO] Telegram deshabilitado. Reporte diario no iniciado.
2026-04-23 10:33:59,083 [INFO] 📬 Notificaciones de Telegram activadas.
2026-04-23 10:33:59,090 [INFO] 🚀 BOT INICIADO | Monedas: ['BTCUSDT', 'DOGEUSDT', 'SHIBUSDT', 'PEPEUSDT']
2026-04-23 10:33:59,112 [INFO] [31m[1mWARNING: This is a development server. Do not use it in a production deployment. Use a production WSGI server instead.[0m
 * Running on all addresses (0.0.0.0)
 * Running on http://127.0.0.1:8080
 * Running on http://172.16.114.11:8080
2026-04-23 10:33:59,113 [INFO] [33mPress CTRL+C to quit[0m
2026-04-23 10:33:59,403 [INFO] 👀 [BTCUSDT] $77602.15000000 | PnL: -0.00
2026-04-23 10:33:59,717 [INFO] 👀 [DOGEUSDT] $0.09641000 | PnL: -0.01
2026-04-23 10:34:00,031 [INFO] 👀 [SHIBUSDT] $0.00000612 | PnL: +0.00
2026-04-23 10:34:00,350 [INFO] 👀 [PEPEUSDT] $0.00000378 | PnL: +0.00
2026-04-23 10:34:15,662 [INFO] 👀 [BTCUSDT] $77574.77000000 | PnL: -0.00
2026-04-23 10:34:15,975 [INFO] 👀 [DOGEUSDT] $0.09638000 | PnL: -0.01
2026-04-23 10:34:16,289 [INFO] 👀 [SHIBUSDT] $0.00000611 | PnL: -0.01
2026-04-23 10:34:16,598 [INFO] 👀 [PEPEUSDT] $0.00000378 | PnL: +0.00
2026-04-23 10:34:31,913 [INFO] 👀 [BTCUSDT] $77547.00000000 | PnL: -0.00
2026-04-23 10:34:32,230 [INFO] 👀 [DOGEUSDT] $0.09632000 | PnL: -0.02
2026-04-23 10:34:32,544 [INFO] 👀 [SHIBUSDT] $0.00000611 | PnL: -0.01
2026-04-23 10:34:32,858 [INFO] 👀 [PEPEUSDT] $0.00000378 | PnL: +0.00
2026-04-23 10:34:48,176 [INFO] 👀 [BTCUSDT] $77600.24000000 | PnL: -0.00
2026-04-23 10:34:48,493 [INFO] 👀 [DOGEUSDT] $0.09637000 | PnL: -0.01
2026-04-23 10:34:48,815 [INFO] 👀 [SHIBUSDT] $0.00000611 | PnL: -0.01
2026-04-23 10:34:49,129 [INFO] 👀 [PEPEUSDT] $0.00000379 | PnL: +0.01
2026-04-23 10:35:04,453 [INFO] 👀 [BTCUSDT] $77627.58000000 | PnL: -0.00
2026-04-23 10:35:04,771 [INFO] 👀 [DOGEUSDT] $0.09636000 | PnL: -0.01
2026-04-23 10:35:05,084 [INFO] 👀 [SHIBUSDT] $0.00000611 | PnL: -0.01
2026-04-23 10:35:05,396 [INFO] 👀 [PEPEUSDT] $0.00000379 | PnL: +0.01
2026-04-23 10:35:20,711 [INFO] 👀 [BTCUSDT] $77632.57000000 | PnL: -0.00
2026-04-23 10:35:21,026 [INFO] 👀 [DOGEUSDT] $0.09634000 | PnL: -0.01
2026-04-23 10:35:21,334 [INFO] 👀 [SHIBUSDT] $0.00000610 | PnL: -0.02
2026-04-23 10:35:21,655 [INFO] 👀 [PEPEUSDT] $0.00000379 | PnL: +0.01
2026-04-23 10:35:36,971 [INFO] 👀 [BTCUSDT] $77641.34000000 | PnL: -0.00
2026-04-23 10:35:37,285 [INFO] 👀 [DOGEUSDT] $0.09633000 | PnL: -0.01
2026-04-23 10:35:37,600 [INFO] 👀 [SHIBUSDT] $0.00000610 | PnL: -0.02
2026-04-23 10:35:37,913 [INFO] 👀 [PEPEUSDT] $0.00000379 | PnL: +0.01
2026-04-23 10:35:53,237 [INFO] 👀 [BTCUSDT] $77643.70000000 | PnL: -0.00
2026-04-23 10:35:53,548 [INFO] 👀 [DOGEUSDT] $0.09632000 | PnL: -0.02
2026-04-23 10:35:53,860 [INFO] 👀 [SHIBUSDT] $0.00000610 | PnL: -0.02
2026-04-23 10:35:54,178 [INFO] 👀 [PEPEUSDT] $0.00000379 | PnL: +0.01
2026-04-23 10:36:09,503 [INFO] 👀 [BTCUSDT] $77632.52000000 | PnL: -0.00
2026-04-23 10:36:09,831 [INFO] 👀 [DOGEUSDT] $0.09632000 | PnL: -0.02
2026-04-23 10:36:10,146 [INFO] 👀 [SHIBUSDT] $0.00000610 | PnL: -0.02
2026-04-23 10:36:10,467 [INFO] 👀 [PEPEUSDT] $0.00000379 | PnL: +0.01
2026-04-23 10:36:25,783 [INFO] 👀 [BTCUSDT] $77657.99000000 | PnL: -0.00
2026-04-23 10:36:26,100 [INFO] 👀 [DOGEUSDT] $0.09634000 | PnL: -0.01
2026-04-23 10:36:26,409 [INFO] 👀 [SHIBUSDT] $0.00000610 | PnL: -0.02
2026-04-23 10:36:26,726 [INFO] 👀 [PEPEUSDT] $0.00000380 | PnL: +0.03
2026-04-23 10:36:42,039 [INFO] 👀 [BTCUSDT] $77682.02000000 | PnL: +0.00
2026-04-23 10:36:42,369 [INFO] 👀 [DOGEUSDT] $0.09635000 | PnL: -0.01
2026-04-23 10:36:42,681 [INFO] 👀 [SHIBUSDT] $0.00000611 | PnL: -0.01
2026-04-23 10:36:42,997 [INFO] 👀 [PEPEUSDT] $0.00000379 | PnL: +0.01
2026-04-23 10:36:58,315 [INFO] 👀 [BTCUSDT] $77644.67000000 | PnL: -0.00
2026-04-23 10:36:58,628 [INFO] 👀 [DOGEUSDT] $0.09630000 | PnL: -0.02
2026-04-23 10:36:58,943 [INFO] 👀 [SHIBUSDT] $0.00000611 | PnL: -0.01
2026-04-23 10:36:59,256 [INFO] 👀 [PEPEUSDT] $0.00000379 | PnL: +0.01
2026-04-23 10:37:14,573 [INFO] 👀 [BTCUSDT] $77631.00000000 | PnL: -0.00
2026-04-23 10:37:14,892 [INFO] 👀 [DOGEUSDT] $0.09630000 | PnL: -0.02
2026-04-23 10:37:15,218 [INFO] 👀 [SHIBUSDT] $0.00000610 | PnL: -0.02
2026-04-23 10:37:15,532 [INFO] 👀 [PEPEUSDT] $0.00000379 | PnL: +0.01
2026-04-23 10:37:30,849 [INFO] 👀 [BTCUSDT] $77564.91000000 | PnL: -0.00
2026-04-23 10:37:31,159 [INFO] 👀 [DOGEUSDT] $0.09626000 | PnL: -0.02
2026-04-23 10:37:31,472 [INFO] 👀 [SHIBUSDT] $0.00000610 | PnL: -0.02
2026-04-23 10:37:32,358 [INFO] 👀 [PEPEUSDT] $0.00000378 | PnL: +0.00
2026-04-23 10:37:47,675 [INFO] 👀 [BTCUSDT] $77554.80000000 | PnL: -0.00
2026-04-23 10:37:47,986 [INFO] 👀 [DOGEUSDT] $0.09624000 | PnL: -0.02
2026-04-23 10:37:48,302 [INFO] 👀 [SHIBUSDT] $0.00000610 | PnL: -0.02
2026-04-23 10:37:48,617 [INFO] 👀 [PEPEUSDT] $0.00000378 | PnL: +0.00
2026-04-23 10:38:03,932 [INFO] 👀 [BTCUSDT] $77576.00000000 | PnL: -0.00
2026-04-23 10:38:04,246 [INFO] 👀 [DOGEUSDT] $0.09623000 | PnL: -0.02
2026-04-23 10:38:04,563 [INFO] 👀 [SHIBUSDT] $0.00000610 | PnL: -0.02
2026-04-23 10:38:04,881 [INFO] 👀 [PEPEUSDT] $0.00000378 | PnL: +0.00
2026-04-23 10:38:20,202 [INFO] 👀 [BTCUSDT] $77559.88000000 | PnL: -0.00
2026-04-23 10:38:20,520 [INFO] 👀 [DOGEUSDT] $0.09622000 | PnL: -0.02
2026-04-23 10:38:20,836 [INFO] 👀 [SHIBUSDT] $0.00000610 | PnL: -0.02
2026-04-23 10:38:21,148 [INFO] 👀 [PEPEUSDT] $0.00000379 | PnL: +0.01
2026-04-23 10:38:36,460 [INFO] 👀 [BTCUSDT] $77570.15000000 | PnL: -0.00
2026-04-23 10:38:36,776 [INFO] 👀 [DOGEUSDT] $0.09621000 | PnL: -0.02
2026-04-23 10:38:37,087 [INFO] 👀 [SHIBUSDT] $0.00000610 | PnL: -0.02
2026-04-23 10:38:37,404 [INFO] 👀 [PEPEUSDT] $0.00000378 | PnL: +0.00
2026-04-23 10:38:52,715 [INFO] 👀 [BTCUSDT] $77643.99000000 | PnL: -0.00
2026-04-23 10:38:53,027 [INFO] 👀 [DOGEUSDT] $0.09624000 | PnL: -0.02
2026-04-23 10:38:53,341 [INFO] 👀 [SHIBUSDT] $0.00000610 | PnL: -0.02
2026-04-23 10:38:53,655 [INFO] 👀 [PEPEUSDT] $0.00000378 | PnL: +0.00
2026-04-23 10:39:08,972 [INFO] 👀 [BTCUSDT] $77631.44000000 | PnL: -0.00
2026-04-23 10:39:09,287 [INFO] 👀 [DOGEUSDT] $0.09623000 | PnL: -0.02
2026-04-23 10:39:09,601 [INFO] 👀 [SHIBUSDT] $0.00000610 | PnL: -0.02
2026-04-23 10:39:09,913 [INFO] 👀 [PEPEUSDT] $0.00000378 | PnL: +0.00
2026-04-23 10:39:25,228 [INFO] 👀 [BTCUSDT] $77593.93000000 | PnL: -0.00
2026-04-23 10:39:25,542 [INFO] 👀 [DOGEUSDT] $0.09620000 | PnL: -0.02
2026-04-23 10:39:25,857 [INFO] 👀 [SHIBUSDT] $0.00000610 | PnL: -0.02
2026-04-23 10:39:26,176 [INFO] 👀 [PEPEUSDT] $0.00000378 | PnL: +0.00
2026-04-23 10:39:41,489 [INFO] 👀 [BTCUSDT] $77578.20000000 | PnL: -0.00
2026-04-23 10:39:41,808 [INFO] 👀 [DOGEUSDT] $0.09617000 | PnL: -0.02
2026-04-23 10:39:42,123 [INFO] 👀 [SHIBUSDT] $0.00000610 | PnL: -0.02
2026-04-23 10:39:42,443 [INFO] 👀 [PEPEUSDT] $0.00000378 | PnL: +0.00
2026-04-23 10:39:57,760 [INFO] 👀 [BTCUSDT] $77582.01000000 | PnL: -0.00
2026-04-23 10:39:58,070 [INFO] 👀 [DOGEUSDT] $0.09619000 | PnL: -0.02
2026-04-23 10:39:58,385 [INFO] 👀 [SHIBUSDT] $0.00000611 | PnL: -0.01
2026-04-23 10:39:58,701 [INFO] 👀 [PEPEUSDT] $0.00000378 | PnL: +0.00
2026-04-23 10:40:14,017 [INFO] 👀 [BTCUSDT] $77591.25000000 | PnL: -0.00
2026-04-23 10:40:14,328 [INFO] 👀 [DOGEUSDT] $0.09618000 | PnL: -0.02
2026-04-23 10:40:14,640 [INFO] 👀 [SHIBUSDT] $0.00000611 | PnL: -0.01
2026-04-23 10:40:14,957 [INFO] 👀 [PEPEUSDT] $0.00000378 | PnL: +0.00
2026-04-23 10:40:30,275 [INFO] 👀 [BTCUSDT] $77562.05000000 | PnL: -0.00
2026-04-23 10:40:30,586 [INFO] 👀 [DOGEUSDT] $0.09618000 | PnL: -0.02
2026-04-23 10:40:30,908 [INFO] 👀 [SHIBUSDT] $0.00000611 | PnL: -0.01
2026-04-23 10:40:31,226 [INFO] 👀 [PEPEUSDT] $0.00000379 | PnL: +0.01
2026-04-23 10:40:46,533 [INFO] 👀 [BTCUSDT] $77585.74000000 | PnL: -0.00
2026-04-23 10:40:46,846 [INFO] 👀 [DOGEUSDT] $0.09617000 | PnL: -0.02
2026-04-23 10:40:47,161 [INFO] 👀 [SHIBUSDT] $0.00000610 | PnL: -0.02
2026-04-23 10:40:47,478 [INFO] 👀 [PEPEUSDT] $0.00000378 | PnL: +0.00
2026-04-23 10:41:02,792 [INFO] 👀 [BTCUSDT] $77640.51000000 | PnL: -0.00
2026-04-23 10:41:03,107 [INFO] 👀 [DOGEUSDT] $0.09619000 | PnL: -0.02
2026-04-23 10:41:03,421 [INFO] 👀 [SHIBUSDT] $0.00000610 | PnL: -0.02
2026-04-23 10:41:03,743 [INFO] 👀 [PEPEUSDT] $0.00000379 | PnL: +0.01
2026-04-23 10:41:19,053 [INFO] 👀 [BTCUSDT] $77578.00000000 | PnL: -0.00
2026-04-23 10:41:19,371 [INFO] 👀 [DOGEUSDT] $0.09613000 | PnL: -0.02
2026-04-23 10:41:19,681 [INFO] 👀 [SHIBUSDT] $0.00000610 | PnL: -0.02
2026-04-23 10:41:20,001 [INFO] 👀 [PEPEUSDT] $0.00000378 | PnL: +0.00
2026-04-23 10:41:35,321 [INFO] 👀 [BTCUSDT] $77574.91000000 | PnL: -0.00
2026-04-23 10:41:35,640 [INFO] 👀 [DOGEUSDT] $0.09614000 | PnL: -0.02
2026-04-23 10:41:35,958 [INFO] 👀 [SHIBUSDT] $0.00000610 | PnL: -0.02
2026-04-23 10:41:36,276 [INFO] 👀 [PEPEUSDT] $0.00000379 | PnL: +0.01
2026-04-23 10:41:51,592 [INFO] 👀 [BTCUSDT] $77598.29000000 | PnL: -0.00
2026-04-23 10:41:51,902 [INFO] 👀 [DOGEUSDT] $0.09611000 | PnL: -0.03
2026-04-23 10:41:52,216 [INFO] 👀 [SHIBUSDT] $0.00000610 | PnL: -0.02
2026-04-23 10:41:52,528 [INFO] 👀 [PEPEUSDT] $0.00000379 | PnL: +0.01
2026-04-23 10:42:07,836 [INFO] 👀 [BTCUSDT] $77607.49000000 | PnL: -0.00
2026-04-23 10:42:08,148 [INFO] 👀 [DOGEUSDT] $0.09612000 | PnL: -0.03
2026-04-23 10:42:08,464 [INFO] 👀 [SHIBUSDT] $0.00000610 | PnL: -0.02
2026-04-23 10:42:08,781 [INFO] 👀 [PEPEUSDT] $0.00000379 | PnL: +0.01
2026-04-23 10:42:24,096 [INFO] 👀 [BTCUSDT] $77598.29000000 | PnL: -0.00
2026-04-23 10:42:24,411 [INFO] 👀 [DOGEUSDT] $0.09610000 | PnL: -0.03
2026-04-23 10:42:24,726 [INFO] 👀 [SHIBUSDT] $0.00000610 | PnL: -0.02
2026-04-23 10:42:25,045 [INFO] 👀 [PEPEUSDT] $0.00000379 | PnL: +0.01
2026-04-23 10:42:40,370 [INFO] 👀 [BTCUSDT] $77546.00000000 | PnL: -0.00
2026-04-23 10:42:40,682 [INFO] 👀 [DOGEUSDT] $0.09609000 | PnL: -0.03
2026-04-23 10:42:40,997 [INFO] 👀 [SHIBUSDT] $0.00000610 | PnL: -0.02
2026-04-23 10:42:41,310 [INFO] 👀 [PEPEUSDT] $0.00000378 | PnL: +0.00
2026-04-23 10:42:56,625 [INFO] 👀 [BTCUSDT] $77534.69000000 | PnL: -0.00
2026-04-23 10:42:56,940 [INFO] 👀 [DOGEUSDT] $0.09607000 | PnL: -0.03
2026-04-23 10:42:57,256 [INFO] 👀 [SHIBUSDT] $0.00000610 | PnL: -0.02
2026-04-23 10:42:57,576 [INFO] 👀 [PEPEUSDT] $0.00000378 | PnL: +0.00
2026-04-23 10:43:12,896 [INFO] 👀 [BTCUSDT] $77542.00000000 | PnL: -0.00
2026-04-23 10:43:13,206 [INFO] 👀 [DOGEUSDT] $0.09606000 | PnL: -0.03
2026-04-23 10:43:13,518 [INFO] 👀 [SHIBUSDT] $0.00000610 | PnL: -0.02
2026-04-23 10:43:13,833 [INFO] 👀 [PEPEUSDT] $0.00000378 | PnL: +0.00
2026-04-23 10:43:29,143 [INFO] 👀 [BTCUSDT] $77558.16000000 | PnL: -0.00
2026-04-23 10:43:29,459 [INFO] 👀 [DOGEUSDT] $0.09609000 | PnL: -0.03
2026-04-23 10:43:29,775 [INFO] 👀 [SHIBUSDT] $0.00000610 | PnL: -0.02
2026-04-23 10:43:30,090 [INFO] 👀 [PEPEUSDT] $0.00000378 | PnL: +0.00
2026-04-23 10:43:45,403 [INFO] 👀 [BTCUSDT] $77528.66000000 | PnL: -0.00
2026-04-23 10:43:45,721 [INFO] 👀 [DOGEUSDT] $0.09606000 | PnL: -0.03
2026-04-23 10:43:46,035 [INFO] 👀 [SHIBUSDT] $0.00000611 | PnL: -0.01
2026-04-23 10:43:46,354 [INFO] 👀 [PEPEUSDT] $0.00000378 | PnL: +0.00
2026-04-23 10:44:01,669 [INFO] 👀 [BTCUSDT] $77533.60000000 | PnL: -0.00
2026-04-23 10:44:01,980 [INFO] 👀 [DOGEUSDT] $0.09605000 | PnL: -0.03
2026-04-23 10:44:02,287 [INFO] 👀 [SHIBUSDT] $0.00000611 | PnL: -0.01
2026-04-23 10:44:02,602 [INFO] 👀 [PEPEUSDT] $0.00000378 | PnL: +0.00
2026-04-23 10:44:17,920 [INFO] 👀 [BTCUSDT] $77539.94000000 | PnL: -0.00
2026-04-23 10:44:18,239 [INFO] 👀 [DOGEUSDT] $0.09605000 | PnL: -0.03
2026-04-23 10:44:18,550 [INFO] 👀 [SHIBUSDT] $0.00000611 | PnL: -0.01
2026-04-23 10:44:18,863 [INFO] 👀 [PEPEUSDT] $0.00000378 | PnL: +0.00
2026-04-23 10:44:34,174 [INFO] 👀 [BTCUSDT] $77528.72000000 | PnL: -0.00
2026-04-23 10:44:34,492 [INFO] 👀 [DOGEUSDT] $0.09603000 | PnL: -0.03
2026-04-23 10:44:34,810 [INFO] 👀 [SHIBUSDT] $0.00000610 | PnL: -0.02
2026-04-23 10:44:35,124 [INFO] 👀 [PEPEUSDT] $0.00000378 | PnL: +0.00
2026-04-23 10:44:50,439 [INFO] 👀 [BTCUSDT] $77541.29000000 | PnL: -0.00
2026-04-23 10:44:50,749 [INFO] 👀 [DOGEUSDT] $0.09603000 | PnL: -0.03
2026-04-23 10:44:51,061 [INFO] 👀 [SHIBUSDT] $0.00000610 | PnL: -0.02
2026-04-23 10:44:51,370 [INFO] 👀 [PEPEUSDT] $0.00000378 | PnL: +0.00
2026-04-23 10:45:06,688 [INFO] 👀 [BTCUSDT] $77523.52000000 | PnL: -0.00
2026-04-23 10:45:07,003 [INFO] 👀 [DOGEUSDT] $0.09603000 | PnL: -0.03
2026-04-23 10:45:07,317 [INFO] 👀 [SHIBUSDT] $0.00000610 | PnL: -0.02
2026-04-23 10:45:07,633 [INFO] 👀 [PEPEUSDT] $0.00000378 | PnL: +0.00
2026-04-23 10:45:22,946 [INFO] 👀 [BTCUSDT] $77509.53000000 | PnL: -0.00
2026-04-23 10:45:23,258 [INFO] 👀 [DOGEUSDT] $0.09600000 | PnL: -0.03
2026-04-23 10:45:23,571 [INFO] 👀 [SHIBUSDT] $0.00000611 | PnL: -0.01
2026-04-23 10:45:23,892 [INFO] 👀 [PEPEUSDT] $0.00000378 | PnL: +0.00
2026-04-23 10:45:39,207 [INFO] 👀 [BTCUSDT] $77509.99000000 | PnL: -0.00
2026-04-23 10:45:39,526 [INFO] 👀 [DOGEUSDT] $0.09590000 | PnL: -0.04
2026-04-23 10:45:39,849 [INFO] 👀 [SHIBUSDT] $0.00000610 | PnL: -0.02
2026-04-23 10:45:40,165 [INFO] 👀 [PEPEUSDT] $0.00000378 | PnL: +0.00
2026-04-23 10:45:55,480 [INFO] 👀 [BTCUSDT] $77499.99000000 | PnL: -0.00
2026-04-23 10:45:55,796 [INFO] 👀 [DOGEUSDT] $0.09587000 | PnL: -0.04
2026-04-23 10:45:56,106 [INFO] 👀 [SHIBUSDT] $0.00000609 | PnL: -0.02
2026-04-23 10:45:56,421 [INFO] 👀 [PEPEUSDT] $0.00000378 | PnL: +0.00
2026-04-23 10:46:11,736 [INFO] 👀 [BTCUSDT] $77576.11000000 | PnL: -0.00
2026-04-23 10:46:12,054 [INFO] 👀 [DOGEUSDT] $0.09636000 | PnL: -0.01
2026-04-23 10:46:12,371 [INFO] 👀 [SHIBUSDT] $0.00000611 | PnL: -0.01
2026-04-23 10:46:12,685 [INFO] 👀 [PEPEUSDT] $0.00000379 | PnL: +0.01
2026-04-23 10:46:27,997 [INFO] 👀 [BTCUSDT] $77575.05000000 | PnL: -0.00
2026-04-23 10:46:28,310 [INFO] 👀 [DOGEUSDT] $0.09637000 | PnL: -0.01
2026-04-23 10:46:28,626 [INFO] 👀 [SHIBUSDT] $0.00000610 | PnL: -0.02
2026-04-23 10:46:28,940 [INFO] 👀 [PEPEUSDT] $0.00000379 | PnL: +0.01
2026-04-23 10:46:44,260 [INFO] 👀 [BTCUSDT] $77650.48000000 | PnL: -0.00
2026-04-23 10:46:44,572 [INFO] 👀 [DOGEUSDT] $0.09640000 | PnL: -0.01
2026-04-23 10:46:44,881 [INFO] 👀 [SHIBUSDT] $0.00000611 | PnL: -0.01
2026-04-23 10:46:45,200 [INFO] 👀 [PEPEUSDT] $0.00000380 | PnL: +0.03
2026-04-23 10:47:00,524 [INFO] 👀 [BTCUSDT] $77642.26000000 | PnL: -0.00
2026-04-23 10:47:00,838 [INFO] 👀 [DOGEUSDT] $0.09635000 | PnL: -0.01
2026-04-23 10:47:01,150 [INFO] 👀 [SHIBUSDT] $0.00000611 | PnL: -0.01
2026-04-23 10:47:01,461 [INFO] 👀 [PEPEUSDT] $0.00000379 | PnL: +0.01
2026-04-23 10:47:16,782 [INFO] 👀 [BTCUSDT] $77575.10000000 | PnL: -0.00
2026-04-23 10:47:17,102 [INFO] 👀 [DOGEUSDT] $0.09629000 | PnL: -0.02
2026-04-23 10:47:17,421 [INFO] 👀 [SHIBUSDT] $0.00000610 | PnL: -0.02
2026-04-23 10:47:17,730 [INFO] 👀 [PEPEUSDT] $0.00000379 | PnL: +0.01
2026-04-23 10:47:33,048 [INFO] 👀 [BTCUSDT] $77568.33000000 | PnL: -0.00
2026-04-23 10:47:33,362 [INFO] 👀 [DOGEUSDT] $0.09629000 | PnL: -0.02
2026-04-23 10:47:33,673 [INFO] 👀 [SHIBUSDT] $0.00000610 | PnL: -0.02
2026-04-23 10:47:33,989 [INFO] 👀 [PEPEUSDT] $0.00000378 | PnL: +0.00
2026-04-23 10:47:49,300 [INFO] 👀 [BTCUSDT] $77594.54000000 | PnL: -0.00
2026-04-23 10:47:49,611 [INFO] 👀 [DOGEUSDT] $0.09627000 | PnL: -0.02
2026-04-23 10:47:49,927 [INFO] 👀 [SHIBUSDT] $0.00000610 | PnL: -0.02
2026-04-23 10:47:50,236 [INFO] 👀 [PEPEUSDT] $0.00000378 | PnL: +0.00
2026-04-23 10:48:05,551 [INFO] 👀 [BTCUSDT] $77578.99000000 | PnL: -0.00
2026-04-23 10:48:05,868 [INFO] 👀 [DOGEUSDT] $0.09625000 | PnL: -0.02
2026-04-23 10:48:06,182 [INFO] 👀 [SHIBUSDT] $0.00000610 | PnL: -0.02
2026-04-23 10:48:06,492 [INFO] 👀 [PEPEUSDT] $0.00000378 | PnL: +0.00
2026-04-23 10:48:21,812 [INFO] 👀 [BTCUSDT] $77642.77000000 | PnL: -0.00
2026-04-23 10:48:22,122 [INFO] 👀 [DOGEUSDT] $0.09632000 | PnL: -0.02
2026-04-23 10:48:22,433 [INFO] 👀 [SHIBUSDT] $0.00000611 | PnL: -0.01
2026-04-23 10:48:22,750 [INFO] 👀 [PEPEUSDT] $0.00000379 | PnL: +0.01
2026-04-23 10:48:38,082 [INFO] 👀 [BTCUSDT] $77625.58000000 | PnL: -0.00
2026-04-23 10:48:38,397 [INFO] 👀 [DOGEUSDT] $0.09631000 | PnL: -0.02
2026-04-23 10:48:38,711 [INFO] 👀 [SHIBUSDT] $0.00000611 | PnL: -0.01
2026-04-23 10:48:39,029 [INFO] 👀 [PEPEUSDT] $0.00000378 | PnL: +0.00
2026-04-23 10:48:54,343 [INFO] 👀 [BTCUSDT] $77628.00000000 | PnL: -0.00
2026-04-23 10:48:54,654 [INFO] 👀 [DOGEUSDT] $0.09631000 | PnL: -0.02
2026-04-23 10:48:54,966 [INFO] 👀 [SHIBUSDT] $0.00000611 | PnL: -0.01
2026-04-23 10:48:55,283 [INFO] 👀 [PEPEUSDT] $0.00000378 | PnL: +0.00
2026-04-23 10:49:10,597 [INFO] 👀 [BTCUSDT] $77604.76000000 | PnL: -0.00
2026-04-23 10:49:10,910 [INFO] 👀 [DOGEUSDT] $0.09629000 | PnL: -0.02
2026-04-23 10:49:11,224 [INFO] 👀 [SHIBUSDT] $0.00000611 | PnL: -0.01
2026-04-23 10:49:11,544 [INFO] 👀 [PEPEUSDT] $0.00000379 | PnL: +0.01
2026-04-23 10:49:26,859 [INFO] 👀 [BTCUSDT] $77571.74000000 | PnL: -0.00
2026-04-23 10:49:27,177 [INFO] 👀 [DOGEUSDT] $0.09627000 | PnL: -0.02
2026-04-23 10:49:27,488 [INFO] 👀 [SHIBUSDT] $0.00000611 | PnL: -0.01
2026-04-23 10:49:27,805 [INFO] 👀 [PEPEUSDT] $0.00000379 | PnL: +0.01
2026-04-23 10:49:43,123 [INFO] 👀 [BTCUSDT] $77601.97000000 | PnL: -0.00
2026-04-23 10:49:43,434 [INFO] 👀 [DOGEUSDT] $0.09631000 | PnL: -0.02
2026-04-23 10:49:43,743 [INFO] 👀 [SHIBUSDT] $0.00000610 | PnL: -0.02
2026-04-23 10:49:44,054 [INFO] 👀 [PEPEUSDT] $0.00000378 | PnL: +0.00
2026-04-23 10:49:59,381 [INFO] 👀 [BTCUSDT] $77614.66000000 | PnL: -0.00
2026-04-23 10:49:59,693 [INFO] 👀 [DOGEUSDT] $0.09632000 | PnL: -0.02
2026-04-23 10:50:00,016 [INFO] 👀 [SHIBUSDT] $0.00000610 | PnL: -0.02
2026-04-23 10:50:00,333 [INFO] 👀 [PEPEUSDT] $0.00000378 | PnL: +0.00
2026-04-23 10:50:15,645 [INFO] 👀 [BTCUSDT] $77580.93000000 | PnL: -0.00
2026-04-23 10:50:15,957 [INFO] 👀 [DOGEUSDT] $0.09629000 | PnL: -0.02
2026-04-23 10:50:16,272 [INFO] 👀 [SHIBUSDT] $0.00000611 | PnL: -0.01
2026-04-23 10:50:16,588 [INFO] 👀 [PEPEUSDT] $0.00000378 | PnL: +0.00
2026-04-23 10:50:31,907 [INFO] 👀 [BTCUSDT] $77550.00000000 | PnL: -0.00
2026-04-23 10:50:32,219 [INFO] 👀 [DOGEUSDT] $0.09628000 | PnL: -0.02
2026-04-23 10:50:32,532 [INFO] 👀 [SHIBUSDT] $0.00000611 | PnL: -0.01
2026-04-23 10:50:32,842 [INFO] 👀 [PEPEUSDT] $0.00000378 | PnL: +0.00
2026-04-23 10:50:48,157 [INFO] 👀 [BTCUSDT] $77516.53000000 | PnL: -0.00
2026-04-23 10:50:48,471 [INFO] 👀 [DOGEUSDT] $0.09620000 | PnL: -0.02
2026-04-23 10:50:48,786 [INFO] 👀 [SHIBUSDT] $0.00000610 | PnL: -0.02
2026-04-23 10:50:49,097 [INFO] 👀 [PEPEUSDT] $0.00000378 | PnL: +0.00
2026-04-23 10:51:04,411 [INFO] 👀 [BTCUSDT] $77507.81000000 | PnL: -0.00
2026-04-23 10:51:04,726 [INFO] 👀 [DOGEUSDT] $0.09619000 | PnL: -0.02
2026-04-23 10:51:05,045 [INFO] 👀 [SHIBUSDT] $0.00000610 | PnL: -0.02
2026-04-23 10:51:05,362 [INFO] 👀 [PEPEUSDT] $0.00000378 | PnL: +0.00
2026-04-23 10:51:20,682 [INFO] 👀 [BTCUSDT] $77539.95000000 | PnL: -0.00
2026-04-23 10:51:21,000 [INFO] 👀 [DOGEUSDT] $0.09621000 | PnL: -0.02
2026-04-23 10:51:21,319 [INFO] 👀 [SHIBUSDT] $0.00000609 | PnL: -0.02
2026-04-23 10:51:21,637 [INFO] 👀 [PEPEUSDT] $0.00000379 | PnL: +0.01
2026-04-23 10:51:36,956 [INFO] 👀 [BTCUSDT] $77538.00000000 | PnL: -0.00
2026-04-23 10:51:37,275 [INFO] 👀 [DOGEUSDT] $0.09620000 | PnL: -0.02
2026-04-23 10:51:37,590 [INFO] 👀 [SHIBUSDT] $0.00000609 | PnL: -0.02
2026-04-23 10:51:37,909 [INFO] 👀 [PEPEUSDT] $0.00000379 | PnL: +0.01
2026-04-23 10:51:53,227 [INFO] 👀 [BTCUSDT] $77554.52000000 | PnL: -0.00
2026-04-23 10:51:53,544 [INFO] 👀 [DOGEUSDT] $0.09624000 | PnL: -0.02
2026-04-23 10:51:53,858 [INFO] 👀 [SHIBUSDT] $0.00000610 | PnL: -0.02
2026-04-23 10:51:54,173 [INFO] 👀 [PEPEUSDT] $0.00000378 | PnL: +0.00
2026-04-23 10:52:09,487 [INFO] 👀 [BTCUSDT] $77538.10000000 | PnL: -0.00
2026-04-23 10:52:09,805 [INFO] 👀 [DOGEUSDT] $0.09624000 | PnL: -0.02
2026-04-23 10:52:10,119 [INFO] 👀 [SHIBUSDT] $0.00000610 | PnL: -0.02
2026-04-23 10:52:10,437 [INFO] 👀 [PEPEUSDT] $0.00000379 | PnL: +0.01
2026-04-23 10:52:25,761 [INFO] 👀 [BTCUSDT] $77517.59000000 | PnL: -0.00
2026-04-23 10:52:26,075 [INFO] 👀 [DOGEUSDT] $0.09626000 | PnL: -0.02
2026-04-23 10:52:26,387 [INFO] 👀 [SHIBUSDT] $0.00000610 | PnL: -0.02
2026-04-23 10:52:26,703 [INFO] 👀 [PEPEUSDT] $0.00000378 | PnL: +0.00
2026-04-23 10:52:42,015 [INFO] 👀 [BTCUSDT] $77521.47000000 | PnL: -0.00
2026-04-23 10:52:42,335 [INFO] 👀 [DOGEUSDT] $0.09626000 | PnL: -0.02
2026-04-23 10:52:42,652 [INFO] 👀 [SHIBUSDT] $0.00000609 | PnL: -0.02
2026-04-23 10:52:42,969 [INFO] 👀 [PEPEUSDT] $0.00000378 | PnL: +0.00
2026-04-23 10:52:58,283 [INFO] 👀 [BTCUSDT] $77488.72000000 | PnL: -0.00
2026-04-23 10:52:58,594 [INFO] 👀 [DOGEUSDT] $0.09623000 | PnL: -0.02
2026-04-23 10:52:58,911 [INFO] 👀 [SHIBUSDT] $0.00000610 | PnL: -0.02
2026-04-23 10:52:59,220 [INFO] 👀 [PEPEUSDT] $0.00000378 | PnL: +0.00
2026-04-23 10:53:14,548 [INFO] 👀 [BTCUSDT] $77448.80000000 | PnL: -0.00
2026-04-23 10:53:14,862 [INFO] 👀 [DOGEUSDT] $0.09615000 | PnL: -0.02
2026-04-23 10:53:15,178 [INFO] 👀 [SHIBUSDT] $0.00000610 | PnL: -0.02
2026-04-23 10:53:15,492 [INFO] 👀 [PEPEUSDT] $0.00000377 | PnL: -0.01
2026-04-23 10:53:30,817 [INFO] 👀 [BTCUSDT] $77432.00000000 | PnL: -0.00
2026-04-23 10:53:31,134 [INFO] 👀 [DOGEUSDT] $0.09611000 | PnL: -0.03
2026-04-23 10:53:31,458 [INFO] 👀 [SHIBUSDT] $0.00000610 | PnL: -0.02
2026-04-23 10:53:31,769 [INFO] 👀 [PEPEUSDT] $0.00000377 | PnL: -0.01
2026-04-23 10:53:47,082 [INFO] 👀 [BTCUSDT] $77439.49000000 | PnL: -0.00
2026-04-23 10:53:47,396 [INFO] 👀 [DOGEUSDT] $0.09612000 | PnL: -0.03
2026-04-23 10:53:47,706 [INFO] 👀 [SHIBUSDT] $0.00000609 | PnL: -0.02
2026-04-23 10:53:48,020 [INFO] 👀 [PEPEUSDT] $0.00000377 | PnL: -0.01
2026-04-23 10:54:03,335 [INFO] 👀 [BTCUSDT] $77442.00000000 | PnL: -0.00
2026-04-23 10:54:03,651 [INFO] 👀 [DOGEUSDT] $0.09609000 | PnL: -0.03
2026-04-23 10:54:03,975 [INFO] 👀 [SHIBUSDT] $0.00000610 | PnL: -0.02
2026-04-23 10:54:04,287 [INFO] 👀 [PEPEUSDT] $0.00000377 | PnL: -0.01
2026-04-23 10:54:19,602 [INFO] 👀 [BTCUSDT] $77443.80000000 | PnL: -0.00
2026-04-23 10:54:19,916 [INFO] 👀 [DOGEUSDT] $0.09613000 | PnL: -0.02
2026-04-23 10:54:20,228 [INFO] 👀 [SHIBUSDT] $0.00000609 | PnL: -0.02
2026-04-23 10:54:20,541 [INFO] 👀 [PEPEUSDT] $0.00000378 | PnL: +0.00
2026-04-23 10:54:35,860 [INFO] 👀 [BTCUSDT] $77402.50000000 | PnL: -0.00
2026-04-23 10:54:36,178 [INFO] 👀 [DOGEUSDT] $0.09609000 | PnL: -0.03
2026-04-23 10:54:36,496 [INFO] 👀 [SHIBUSDT] $0.00000609 | PnL: -0.02
2026-04-23 10:54:36,814 [INFO] 👀 [PEPEUSDT] $0.00000378 | PnL: +0.00
2026-04-23 10:54:52,131 [INFO] 👀 [BTCUSDT] $77421.42000000 | PnL: -0.00
2026-04-23 10:54:52,443 [INFO] 👀 [DOGEUSDT] $0.09611000 | PnL: -0.03
2026-04-23 10:54:52,756 [INFO] 👀 [SHIBUSDT] $0.00000609 | PnL: -0.02
2026-04-23 10:54:53,073 [INFO] 👀 [PEPEUSDT] $0.00000377 | PnL: -0.01
2026-04-23 10:55:08,389 [INFO] 👀 [BTCUSDT] $77416.00000000 | PnL: -0.00
2026-04-23 10:55:08,705 [INFO] 👀 [DOGEUSDT] $0.09613000 | PnL: -0.02
2026-04-23 10:55:09,016 [INFO] 👀 [SHIBUSDT] $0.00000609 | PnL: -0.02
2026-04-23 10:55:09,328 [INFO] 👀 [PEPEUSDT] $0.00000377 | PnL: -0.01
2026-04-23 10:55:24,638 [INFO] 👀 [BTCUSDT] $77415.99000000 | PnL: -0.00
2026-04-23 10:55:24,949 [INFO] 👀 [DOGEUSDT] $0.09613000 | PnL: -0.02
2026-04-23 10:55:25,264 [INFO] 👀 [SHIBUSDT] $0.00000609 | PnL: -0.02
2026-04-23 10:55:25,574 [INFO] 👀 [PEPEUSDT] $0.00000377 | PnL: -0.01
2026-04-23 10:55:40,891 [INFO] 👀 [BTCUSDT] $77422.67000000 | PnL: -0.00
2026-04-23 10:55:41,207 [INFO] 👀 [DOGEUSDT] $0.09613000 | PnL: -0.02
2026-04-23 10:55:41,523 [INFO] 👀 [SHIBUSDT] $0.00000609 | PnL: -0.02
2026-04-23 10:55:41,840 [INFO] 👀 [PEPEUSDT] $0.00000378 | PnL: +0.00
2026-04-23 10:55:57,157 [INFO] 👀 [BTCUSDT] $77412.53000000 | PnL: -0.00
2026-04-23 10:55:57,473 [INFO] 👀 [DOGEUSDT] $0.09614000 | PnL: -0.02
2026-04-23 10:55:57,791 [INFO] 👀 [SHIBUSDT] $0.00000609 | PnL: -0.02
2026-04-23 10:55:58,108 [INFO] 👀 [PEPEUSDT] $0.00000378 | PnL: +0.00
2026-04-23 12:46:34,924 [INFO] 📉 [BTCUSDT] VENTA (SIMULATED LOSS) | Precio: $0.40000000 | PnL: $-1.0090
2026-04-23 12:46:34,926 [INFO] 🧾 Pérdida diaria actualizada: +$1.0090 -> total $1.0090
2026-04-23 12:50:51,496 [INFO] 📉 [BTCUSDT] VENTA (SIMULATED LOSS) | Precio: $0.40000000 | PnL: $-1.0090
2026-04-23 12:50:51,497 [INFO] 🧾 Pérdida diaria actualizada: +$1.0090 -> total $2.0180
2026-04-23 12:54:34,340 [WARNING] 🛑 CIRCUIT BREAKER activo — pérdida diaria $5.00 >= límite $1.00
